1576853197.633981 client started (26369): version 2.6, socket /tmp/tmux-10001/default, protocol 8
1576853197.634028 on Linux 4.15.0-72-generic #81-Ubuntu SMP Tue Nov 26 12:20:02 UTC 2019; libevent 2.1.8-stable (poll)
1576853197.634072 socket is /tmp/tmux-10001/default
1576853197.634094 trying connect
1576853197.634200 add peer 0x56419edfdbc0: 6 ((nil))
1576853197.634290 sending message 100 to peer 0x56419edfdbc0 (4 bytes)
1576853197.634307 sending message 101 to peer 0x56419edfdbc0 (16 bytes)
1576853197.634317 sending message 102 to peer 0x56419edfdbc0 (11 bytes)
1576853197.634327 sending message 108 to peer 0x56419edfdbc0 (40 bytes)
1576853197.634338 sending message 104 to peer 0x56419edfdbc0 (0 bytes)
1576853197.634349 sending message 107 to peer 0x56419edfdbc0 (4 bytes)
1576853197.634363 sending message 105 to peer 0x56419edfdbc0 (1516 bytes)
1576853197.634385 sending message 105 to peer 0x56419edfdbc0 (34 bytes)
1576853197.634400 sending message 105 to peer 0x56419edfdbc0 (20 bytes)
1576853197.634410 sending message 105 to peer 0x56419edfdbc0 (17 bytes)
1576853197.634420 sending message 105 to peer 0x56419edfdbc0 (15 bytes)
1576853197.634429 sending message 105 to peer 0x56419edfdbc0 (11 bytes)
1576853197.634439 sending message 105 to peer 0x56419edfdbc0 (37 bytes)
1576853197.634448 sending message 105 to peer 0x56419edfdbc0 (19 bytes)
1576853197.634458 sending message 105 to peer 0x56419edfdbc0 (19 bytes)
1576853197.634467 sending message 105 to peer 0x56419edfdbc0 (20 bytes)
1576853197.634477 sending message 105 to peer 0x56419edfdbc0 (24 bytes)
1576853197.634487 sending message 105 to peer 0x56419edfdbc0 (20 bytes)
1576853197.634497 sending message 105 to peer 0x56419edfdbc0 (11 bytes)
1576853197.634506 sending message 105 to peer 0x56419edfdbc0 (52 bytes)
1576853197.634516 sending message 105 to peer 0x56419edfdbc0 (56 bytes)
1576853197.634525 sending message 105 to peer 0x56419edfdbc0 (18 bytes)
1576853197.634535 sending message 105 to peer 0x56419edfdbc0 (18 bytes)
1576853197.634545 sending message 105 to peer 0x56419edfdbc0 (50 bytes)
1576853197.634554 sending message 105 to peer 0x56419edfdbc0 (21 bytes)
1576853197.634564 sending message 105 to peer 0x56419edfdbc0 (12 bytes)
1576853197.634574 sending message 105 to peer 0x56419edfdbc0 (25 bytes)
1576853197.634583 sending message 105 to peer 0x56419edfdbc0 (27 bytes)
1576853197.634593 sending message 105 to peer 0x56419edfdbc0 (24 bytes)
1576853197.634603 sending message 105 to peer 0x56419edfdbc0 (86 bytes)
1576853197.634614 sending message 105 to peer 0x56419edfdbc0 (24 bytes)
1576853197.634623 sending message 105 to peer 0x56419edfdbc0 (53 bytes)
1576853197.634633 sending message 105 to peer 0x56419edfdbc0 (44 bytes)
1576853197.634643 sending message 105 to peer 0x56419edfdbc0 (18 bytes)
1576853197.634653 sending message 105 to peer 0x56419edfdbc0 (27 bytes)
1576853197.634662 sending message 105 to peer 0x56419edfdbc0 (19 bytes)
1576853197.634672 sending message 105 to peer 0x56419edfdbc0 (36 bytes)
1576853197.634681 sending message 105 to peer 0x56419edfdbc0 (21 bytes)
1576853197.634691 sending message 105 to peer 0x56419edfdbc0 (181 bytes)
1576853197.634701 sending message 105 to peer 0x56419edfdbc0 (21 bytes)
1576853197.634710 sending message 105 to peer 0x56419edfdbc0 (20 bytes)
1576853197.634720 sending message 105 to peer 0x56419edfdbc0 (21 bytes)
1576853197.634729 sending message 105 to peer 0x56419edfdbc0 (29 bytes)
1576853197.634739 sending message 105 to peer 0x56419edfdbc0 (24 bytes)
1576853197.634749 sending message 105 to peer 0x56419edfdbc0 (24 bytes)
1576853197.634759 sending message 105 to peer 0x56419edfdbc0 (28 bytes)
1576853197.634769 sending message 105 to peer 0x56419edfdbc0 (20 bytes)
1576853197.634778 sending message 105 to peer 0x56419edfdbc0 (16 bytes)
1576853197.634788 sending message 105 to peer 0x56419edfdbc0 (21 bytes)
1576853197.634798 sending message 105 to peer 0x56419edfdbc0 (17 bytes)
1576853197.634807 sending message 105 to peer 0x56419edfdbc0 (52 bytes)
1576853197.634817 sending message 105 to peer 0x56419edfdbc0 (14 bytes)
1576853197.634844 sending message 105 to peer 0x56419edfdbc0 (31 bytes)
1576853197.634856 sending message 105 to peer 0x56419edfdbc0 (53 bytes)
1576853197.634867 sending message 105 to peer 0x56419edfdbc0 (29 bytes)
1576853197.634877 sending message 105 to peer 0x56419edfdbc0 (19 bytes)
1576853197.634887 sending message 105 to peer 0x56419edfdbc0 (13 bytes)
1576853197.634896 sending message 105 to peer 0x56419edfdbc0 (8 bytes)
1576853197.634906 sending message 105 to peer 0x56419edfdbc0 (15 bytes)
1576853197.634916 sending message 105 to peer 0x56419edfdbc0 (15 bytes)
1576853197.634925 sending message 105 to peer 0x56419edfdbc0 (21 bytes)
1576853197.634935 sending message 105 to peer 0x56419edfdbc0 (20 bytes)
1576853197.634945 sending message 105 to peer 0x56419edfdbc0 (45 bytes)
1576853197.634954 sending message 105 to peer 0x56419edfdbc0 (20 bytes)
1576853197.634964 sending message 105 to peer 0x56419edfdbc0 (44 bytes)
1576853197.634974 sending message 105 to peer 0x56419edfdbc0 (15 bytes)
1576853197.634984 sending message 105 to peer 0x56419edfdbc0 (98 bytes)
1576853197.634994 sending message 105 to peer 0x56419edfdbc0 (32 bytes)
1576853197.635003 sending message 105 to peer 0x56419edfdbc0 (36 bytes)
1576853197.635013 sending message 105 to peer 0x56419edfdbc0 (58 bytes)
1576853197.635022 sending message 105 to peer 0x56419edfdbc0 (47 bytes)
1576853197.635032 sending message 105 to peer 0x56419edfdbc0 (104 bytes)
1576853197.635042 sending message 105 to peer 0x56419edfdbc0 (23 bytes)
1576853197.635057 sending message 105 to peer 0x56419edfdbc0 (33 bytes)
1576853197.635067 sending message 105 to peer 0x56419edfdbc0 (78 bytes)
1576853197.635076 sending message 105 to peer 0x56419edfdbc0 (32 bytes)
1576853197.635086 sending message 105 to peer 0x56419edfdbc0 (16 bytes)
1576853197.635095 sending message 105 to peer 0x56419edfdbc0 (38 bytes)
1576853197.635104 sending message 105 to peer 0x56419edfdbc0 (16 bytes)
1576853197.635114 sending message 106 to peer 0x56419edfdbc0 (0 bytes)
1576853197.635123 sending message 200 to peer 0x56419edfdbc0 (4 bytes)
1576853197.635133 client loop enter
1576853197.636148 peer 0x56419edfdbc0 message 211
1576853197.636201 peer 0x56419edfdbc0 message 203
1576853197.636216 client loop exit
